<?xml version="1.0" encoding="UTF-8"?>
<testng-results ignored="0" total="1" passed="1" failed="0" skipped="0">
  <reporter-output>
  </reporter-output>
  <suite started-at="2021-08-18T10:24:34Z" name="components.RemoveComponentTest" finished-at="2021-08-18T10:24:40Z" duration-ms="5858">
    <groups>
    </groups>
    <test started-at="2021-08-18T10:24:34Z" name="Command line test e6c78351-d8bd-48a9-87a6-5d91c0ae391f" finished-at="2021-08-18T10:24:40Z" duration-ms="5858">
      <class name="components.RemoveComponentTest">
        <test-method is-config="true" signature="setUp()[pri:0, instance:components.RemoveComponentTest@35d176f7]" started-at="2021-08-18T10:24:34Z" name="setUp" finished-at="2021-08-18T10:24:37Z" duration-ms="2896" status="PASS">
          <reporter-output>
          </reporter-output>
        </test-method> <!-- setUp -->
        <test-method signature="removeComponentTest()[pri:0, instance:components.RemoveComponentTest@35d176f7]" started-at="2021-08-18T10:24:37Z" name="removeComponentTest" finished-at="2021-08-18T10:24:39Z" duration-ms="2216" status="PASS">
          <reporter-output>
          </reporter-output>
        </test-method> <!-- removeComponentTest -->
        <test-method is-config="true" signature="tearDown()[pri:0, instance:components.RemoveComponentTest@35d176f7]" started-at="2021-08-18T10:24:39Z" name="tearDown" finished-at="2021-08-18T10:24:40Z" duration-ms="719" status="PASS">
          <reporter-output>
          </reporter-output>
        </test-method> <!-- tearDown -->
      </class> <!-- components.RemoveComponentTest -->
    </test> <!-- Command line test e6c78351-d8bd-48a9-87a6-5d91c0ae391f -->
  </suite> <!-- components.RemoveComponentTest -->
</testng-results>
