<?xml version="1.0" encoding="UTF-8"?>
<testng-results ignored="0" total="1" passed="1" failed="0" skipped="0">
  <reporter-output>
  </reporter-output>
  <suite started-at="2021-03-13T09:41:21Z" name="Command line suite" finished-at="2021-03-13T09:41:29Z" duration-ms="8424">
    <groups>
    </groups>
    <test started-at="2021-03-13T09:41:21Z" name="Command line test" finished-at="2021-03-13T09:41:29Z" duration-ms="8424">
      <class name="basePrice.ChangeBasePriceTest">
        <test-method is-config="true" signature="setUp()[pri:0, instance:basePrice.ChangeBasePriceTest@458c1321]" started-at="2021-03-13T09:41:21Z" name="setUp" finished-at="2021-03-13T09:41:27Z" duration-ms="6434" status="PASS">
          <reporter-output>
          </reporter-output>
        </test-method> <!-- setUp -->
        <test-method signature="testChangeBasePriceValue()[pri:0, instance:basePrice.ChangeBasePriceTest@458c1321]" started-at="2021-03-13T09:41:27Z" name="testChangeBasePriceValue" finished-at="2021-03-13T09:41:28Z" duration-ms="766" status="PASS">
          <reporter-output>
          </reporter-output>
        </test-method> <!-- testChangeBasePriceValue -->
        <test-method is-config="true" signature="tearDown()[pri:0, instance:basePrice.ChangeBasePriceTest@458c1321]" started-at="2021-03-13T09:41:28Z" name="tearDown" finished-at="2021-03-13T09:41:29Z" duration-ms="1165" status="PASS">
          <reporter-output>
          </reporter-output>
        </test-method> <!-- tearDown -->
      </class> <!-- basePrice.ChangeBasePriceTest -->
    </test> <!-- Command line test -->
  </suite> <!-- Command line suite -->
</testng-results>
